Build started 5/1/2012 3:00:00 AM.
     1>Project "C:\Users\Michael Bekesz\Desktop\School\School 07-09\School 09\Spring09\CS161ObjectOriented\PublicFolder\23-elevator\23-elevator.vcxproj" on node 3 (build target(s)).
     1>InitializeBuildStatus:
         Creating "Debug\23-elevator.unsuccessfulbuild" because "AlwaysCreate" was specified.
       ClCompile:
         All outputs are up-to-date.
       ManifestResourceCompile:
         All outputs are up-to-date.
       Link:
         C:\Program Files (x86)\Microsoft Visual Studio 10.0\VC\bin\link.exe /ERRORREPORT:PROMPT /OUT:"C:\Users\Michael Bekesz\Desktop\School\School 07-09\School 09\Spring09\CS161ObjectOriented\PublicFolder\Debug\23-elevator.exe" /INCREMENTAL /NOLOGO kernel32.lib user32.lib gdi32.lib winspool.lib comdlg32.lib advapi32.lib shell32.lib ole32.lib oleaut32.lib uuid.lib odbc32.lib odbccp32.lib /MANIFEST /ManifestFile:"Debug\23-elevator.exe.intermediate.manifest" /MANIFESTUAC:"level='asInvoker' uiAccess='false'" /DEBUG /PDB:"C:\Users\Michael Bekesz\Desktop\School\School 07-09\School 09\Spring09\CS161ObjectOriented\PublicFolder\Debug\23-elevator.pdb" /SUBSYSTEM:CONSOLE /TLBID:1 /DYNAMICBASE /NXCOMPAT /IMPLIB:"C:\Users\Michael Bekesz\Desktop\School\School 07-09\School 09\Spring09\CS161ObjectOriented\PublicFolder\Debug\23-elevator.lib" /MACHINE:X86 "Debug\23-elevator.exe.embed.manifest.res"
         Debug\elevator.obj
         Debug\main.obj
         Debug\passenger.obj
       Manifest:
         C:\Program Files (x86)\Microsoft SDKs\Windows\v7.0A\bin\mt.exe /nologo /verbose /out:"Debug\23-elevator.exe.embed.manifest" /manifest "Debug\23-elevator.exe.intermediate.manifest"
         All outputs are up-to-date.
       LinkEmbedManifest:
         All outputs are up-to-date.
         23-elevator.vcxproj -> C:\Users\Michael Bekesz\Desktop\School\School 07-09\School 09\Spring09\CS161ObjectOriented\PublicFolder\Debug\23-elevator.exe
       CopyFilesToOutputDirectory:
         Copying file from "Debug\23-elevator.pdb" to "C:\Users\Michael Bekesz\Desktop\School\School 07-09\School 09\Spring09\CS161ObjectOriented\PublicFolder\Debug\23-elevator.pdb".
       FinalizeBuildStatus:
         Deleting file "Debug\23-elevator.unsuccessfulbuild".
         Touching "Debug\23-elevator.lastbuildstate".
     1>Done Building Project "C:\Users\Michael Bekesz\Desktop\School\School 07-09\School 09\Spring09\CS161ObjectOriented\PublicFolder\23-elevator\23-elevator.vcxproj" (build target(s)).

Build succeeded.

Time Elapsed 00:00:01.00
